<?xml version="1.0" encoding="UTF-8"?>
<!-- Generated by org.testng.reporters.JUnitReportReporter -->
<testsuite skipped="0" hostname="Jamil" name="test.LoginPageTest" tests="2" failures="0" timestamp="07 Feb 2022 22:13:18 GMT" time="12.314" errors="0">
  <testcase name="loginTest" time="8.364" classname="test.LoginPageTest"/>
  <testcase name="pageTitleTest" time="3.950" classname="test.LoginPageTest"/>
</testsuite> <!-- test.LoginPageTest -->
